{"level":"error","message":"Error al crear el Usuario"}
{"level":"error","message":"Error al crear el Usuario"}
{"level":"error","message":"Error al crear el Usuario"}
{"level":"error","message":"Error al crear el Usuario"}
{"level":"error","message":"Error al crear el Usuario"}
{"level":"error","message":"Error al crear el Usuario"}
{"level":"error","message":"Error al crear el Usuario"}
{"level":"error","message":"Error al crear el Usuario"}
{"level":"error","message":"Error al crear el Usuario"}
{"level":"error","message":"Error al crear el Usuario"}
{"level":"error","message":"Error al crear el Usuario"}
{"level":"error","message":"Error al crear el Usuario"}
{"level":"error","message":"El usuario ezequielcherone@gmail.com no existe!"}
{"level":"warn","message":"El usuario chero2005@hotmail.com ya se encuentra registrado"}
{"level":"error","message":"Error al crear el Usuario"}
{"level":"error","message":"Error al crear el Usuario"}
{"level":"error","message":"Error al crear el Usuario"}
{"level":"error","message":"Error al crear el Usuario"}
{"level":"error","message":"Error al crear el Usuario"}
{"level":"error","message":"Error al crear el Usuario"}
{"level":"error","message":"Error al crear el Usuario"}
{"level":"error","message":"Error al crear el Usuario"}
{"level":"error","message":"Error al crear el Usuario"}
{"level":"error","message":"Error al crear el Usuario"}
{"level":"error","message":"Error al crear el Usuario"}
{"level":"error","message":"Error al crear el Usuario"}
{"level":"error","message":"El password es invalido!"}
{"level":"error","message":"El usuario ezeqielcherone@gmail.com no existe!"}
{"level":"error","message":"El password es invalido!"}
{"level":"error","message":"Hubo un error al traer todos los productos. TypeError: Cannot read properties of undefined (reading 'find')"}
{"level":"error","message":"Hubo un error al traer todos los productos. TypeError: Cannot read properties of undefined (reading 'find')"}
{"level":"error","message":"Hubo un error al traer todos los productos. TypeError: Cannot read properties of undefined (reading 'find')"}
{"level":"error","message":"Hubo un error al traer todos los productos. TypeError: Cannot read properties of undefined (reading 'find')"}
{"level":"error","message":"Hubo un error al traer todos los productos. TypeError: Cannot read properties of undefined (reading 'find')"}
{"level":"error","message":"El usuario ezeqielcherone@gmail.com no existe!"}
{"level":"warn","message":"El usuario chero2005@hotmail.com ya se encuentra registrado"}
{"level":"warn","message":"El usuario chero2005@hotmail.com ya se encuentra registrado"}
{"level":"error","message":"Hubo un error al traer todos los productos. CastError: Cast to ObjectId failed for value \"undefined\" (type string) at path \"_id\" for model \"carritos\""}
{"level":"error","message":"Hubo un error al traer todos los productos. CastError: Cast to ObjectId failed for value \"undefined\" (type string) at path \"_id\" for model \"carritos\""}
{"level":"error","message":"Hubo un error al traer todos los productos. CastError: Cast to ObjectId failed for value \"{ id: 'undefined' }\" (type Object) at path \"_id\" for model \"carritos\""}
{"level":"error","message":"El usuario ezequielcherone@hotmail.com no existe!"}
